# Duplicates
Aurora
AuroraStore-Mirror
AuroraStore4
Aurora-Store
aniyomi-omegalul
DSU-Sideloader-2
system_shell_2
tachiyomi-Manga-reader
TachiyomiSY
tachiyomi
tachiyomi-archived
tachiyomi-backup
https://github.com/sanwan1314/mfmh
https://github.com/Prasads13/lspatch_android
https://github.com/orgTestCodacy11KRepos110MB/repo-3344-Shizuku
https://github.com/bolucat/Archive
https://github.com/ebxcobbor/eb
https://github.com/BestToYou/ratel-core-master
https://github.com/wtf74520/suizuku
https://github.com/emtee40/SMTShell
https://github.com/vaimalaviya1233/SamsungMTShell
https://github.com/RikkaApps/Sui
https://github.com/emtee40/adbShell-Shizuku
https://github.com/lalakii/TAM
https://github.com/Xposed-Modules-Repo/mufanc.tools.applock
https://github.com/elonmasai7/AURORA_Store
https://github.com/justinrubek/android-reader
https://github.com/Hero-Over/TachiyomiSY-Fork
https://github.com/vaginessa/NPatch
https://github.com/Asilkan5807/potential-octo-system
https://github.com/23522046/Open-Source-Object-Validation
https://github.com/ThIsLinked/AuroraStoreCrxmson
https://github.com/Kapy2003/Kapy2003-aniyomi-fork
https://github.com/huajiworld/LSPatch-mod
https://github.com/Andrianusaan/Renata
https://github.com/nai559/Screen
https://github.com/Hero-Over/TachiyomiS

# Other forks
https://github.com/zacharee/ShizukuHack
https://github.com/zacharee/ShizukuHackApi
https://github.com/SelfMadeSystem/DiscordModManager
https://github.com/komikku-app/komikku

# Deprecated
https://github.com/zxy19/cjluFree
https://github.com/tachiyomiorg/tachiyomi

# No proper application for Shizuku
https://github.com/Tornaco/Thanox
https://github.com/strangerweather/rootless_ui_mods
https://github.com/MRepoApp/MRepo
https://github.com/SagerNet/SagerNet
https://github.com/Young-Lord/hideRecent

# Unusable documentation
https://github.com/frap129/Machina
https://github.com/ecosed/EcosedKit
https://github.com/libecosed/flutter_ecosed
https://github.com/zacharee/OverlayManager
https://github.com/virjarRatel/ratel-core

# Demos/examples
https://github.com/Young-Lord/Multi-User-Applist-With-Shizuku
https://github.com/libecosed/ecosed_kit

